2021-12-03 18:59:38 - INFO - "GET / HTTP/1.1" 200 1219
2021-12-03 18:59:38 - INFO - "GET /static/style.css HTTP/1.1" 200 648
2021-12-03 19:02:52 - WARNING - Python-dotenv could not parse statement starting at line 19
2021-12-03 19:02:52 - WARNING - Python-dotenv could not parse statement starting at line 21
2021-12-03 19:02:52 - WARNING - Python-dotenv could not parse statement starting at line 22
2021-12-03 19:02:52 - WARNING - Python-dotenv could not parse statement starting at line 23
2021-12-03 19:02:52 - WARNING - Python-dotenv could not parse statement starting at line 24
2021-12-03 19:02:52 - WARNING - Python-dotenv could not parse statement starting at line 25
2021-12-03 19:02:52 - WARNING - Python-dotenv could not parse statement starting at line 26
2021-12-03 19:14:26 - WARNING - "GET /blog HTTP/1.1" 404 1536
2021-12-03 19:14:26 - WARNING - "GET /blog HTTP/1.1" 404 1536
2021-12-03 19:14:26 - WARNING - Python-dotenv could not parse statement starting at line 19
2021-12-03 19:14:26 - WARNING - Python-dotenv could not parse statement starting at line 21
2021-12-03 19:14:26 - WARNING - Python-dotenv could not parse statement starting at line 22
2021-12-03 19:14:26 - WARNING - Python-dotenv could not parse statement starting at line 23
2021-12-03 19:14:26 - WARNING - Python-dotenv could not parse statement starting at line 24
2021-12-03 19:14:26 - WARNING - Python-dotenv could not parse statement starting at line 25
2021-12-03 19:14:26 - WARNING - Python-dotenv could not parse statement starting at line 26
2021-12-03 19:14:26 - INFO - "GET /blogs HTTP/1.1" 200 2
2021-12-03 19:14:26 - INFO - "GET /blogs HTTP/1.1" 200 2
2021-12-03 19:14:26 - INFO - "POST /blogs HTTP/1.1" 200 160
2021-12-03 19:14:26 - INFO - "GET /blogs HTTP/1.1" 200 162
2021-12-03 19:14:26 - INFO - "POST /blogs HTTP/1.1" 200 160
2021-12-03 19:14:26 - INFO - "POST /blogs HTTP/1.1" 200 160
2021-12-03 19:14:26 - INFO - "POST /blogs HTTP/1.1" 200 160
2021-12-03 19:14:26 - INFO - "GET /blogs HTTP/1.1" 200 648
2021-12-03 19:15:47 - ERROR - AttributeError in 0 on line 0
2021-12-03 19:15:47 - ERROR - "PUT /blogs/2 HTTP/1.1" 500 1049226
2021-12-03 19:17:40 - WARNING - Python-dotenv could not parse statement starting at line 19
2021-12-03 19:17:40 - WARNING - Python-dotenv could not parse statement starting at line 21
2021-12-03 19:17:40 - WARNING - Python-dotenv could not parse statement starting at line 22
2021-12-03 19:17:40 - WARNING - Python-dotenv could not parse statement starting at line 23
2021-12-03 19:17:40 - WARNING - Python-dotenv could not parse statement starting at line 24
2021-12-03 19:17:40 - WARNING - Python-dotenv could not parse statement starting at line 25
2021-12-03 19:17:40 - WARNING - Python-dotenv could not parse statement starting at line 26
2021-12-03 19:17:49 - WARNING - Python-dotenv could not parse statement starting at line 19
2021-12-03 19:17:49 - WARNING - Python-dotenv could not parse statement starting at line 21
2021-12-03 19:17:49 - WARNING - Python-dotenv could not parse statement starting at line 22
2021-12-03 19:17:49 - WARNING - Python-dotenv could not parse statement starting at line 23
2021-12-03 19:17:49 - WARNING - Python-dotenv could not parse statement starting at line 24
2021-12-03 19:17:49 - WARNING - Python-dotenv could not parse statement starting at line 25
2021-12-03 19:17:49 - WARNING - Python-dotenv could not parse statement starting at line 26
2021-12-03 19:17:49 - INFO - "GET /blogs HTTP/1.1" 200 2
2021-12-03 19:17:49 - INFO - "GET /blogs HTTP/1.1" 200 2
2021-12-03 19:17:49 - INFO - "POST /blogs HTTP/1.1" 200 161
2021-12-03 19:17:49 - INFO - "POST /blogs HTTP/1.1" 200 161
2021-12-03 19:17:49 - INFO - "POST /blogs HTTP/1.1" 200 161
2021-12-03 19:17:49 - INFO - "POST /blogs HTTP/1.1" 200 161
2021-12-03 19:17:49 - INFO - "GET /blogs HTTP/1.1" 200 652
2021-12-03 19:18:30 - ERROR - AttributeError in 0 on line 0
2021-12-03 19:18:30 - ERROR - "PUT /blogs/1 HTTP/1.1" 500 1048959
2021-12-03 19:19:03 - ERROR - AttributeError in 0 on line 0
2021-12-03 19:19:03 - ERROR - "DELETE /blogs/4 HTTP/1.1" 500 1048968
2021-12-03 19:26:23 - WARNING - Python-dotenv could not parse statement starting at line 19
2021-12-03 19:26:23 - WARNING - Python-dotenv could not parse statement starting at line 21
2021-12-03 19:26:23 - WARNING - Python-dotenv could not parse statement starting at line 22
2021-12-03 19:26:23 - WARNING - Python-dotenv could not parse statement starting at line 23
2021-12-03 19:26:23 - WARNING - Python-dotenv could not parse statement starting at line 24
2021-12-03 19:26:23 - WARNING - Python-dotenv could not parse statement starting at line 25
2021-12-03 19:26:23 - WARNING - Python-dotenv could not parse statement starting at line 26
2021-12-03 19:26:29 - WARNING - Python-dotenv could not parse statement starting at line 19
2021-12-03 19:26:29 - WARNING - Python-dotenv could not parse statement starting at line 21
2021-12-03 19:26:29 - WARNING - Python-dotenv could not parse statement starting at line 22
2021-12-03 19:26:29 - WARNING - Python-dotenv could not parse statement starting at line 23
2021-12-03 19:26:29 - WARNING - Python-dotenv could not parse statement starting at line 24
2021-12-03 19:26:29 - WARNING - Python-dotenv could not parse statement starting at line 25
2021-12-03 19:26:29 - WARNING - Python-dotenv could not parse statement starting at line 26
2021-12-03 19:26:29 - INFO - "GET /blogs HTTP/1.1" 200 1313
2021-12-03 19:26:48 - ERROR - AttributeError in 0 on line 0
2021-12-03 19:26:48 - ERROR - "DELETE /blogs/1 HTTP/1.1" 500 1049097
2021-12-03 19:27:19 - ERROR - AttributeError in 0 on line 0
2021-12-03 19:27:19 - ERROR - "DELETE /blogs/1 HTTP/1.1" 500 1049227
2021-12-03 19:28:11 - INFO - "GET /blogs HTTP/1.1" 200 1313
2021-12-03 19:31:29 - ERROR - AttributeError in 0 on line 0
2021-12-03 19:31:29 - ERROR - "DELETE /blogs/1 HTTP/1.1" 500 1048968
2021-12-03 19:35:38 - INFO - "DELETE /blogs/1 HTTP/1.1" 200 163
2021-12-03 19:35:38 - INFO - "GET /blogs HTTP/1.1" 200 1150
2021-12-03 19:36:00 - ERROR - AttributeError in 0 on line 0
2021-12-03 19:36:00 - ERROR - "PUT /blogs/2 HTTP/1.1" 500 1049218
2021-12-03 19:36:38 - INFO - "PUT /blogs/2 HTTP/1.1" 200 159
2021-12-03 19:36:38 - INFO - "GET /blogs HTTP/1.1" 200 1146
